2024-07-03 14:46:37,615 - 2021250360043 - ERROR - ¥ÌŒÛMessage: no such element: Unable to locate element: {"method":"xpath","selector":"/div/button[4]"}
  (Session info: chrome=126.0.6478.126); For documentation on this error, please visit: https://www.selenium.dev/documentation/webdriver/troubleshooting/errors#no-such-element-exception
Stacktrace:
	GetHandleVerifier [0x00007FF67876EEA2+31554]
	(No symbol) [0x00007FF6786E7ED9]
	(No symbol) [0x00007FF6785A872A]
	(No symbol) [0x00007FF6785F8434]
	(No symbol) [0x00007FF6785F853C]
	(No symbol) [0x00007FF6785EBBAC]
	(No symbol) [0x00007FF67861D06F]
	(No symbol) [0x00007FF6785EBA76]
	(No symbol) [0x00007FF67861D240]
	(No symbol) [0x00007FF67863C977]
	(No symbol) [0x00007FF67861CDD3]
	(No symbol) [0x00007FF6785EA33B]
	(No symbol) [0x00007FF6785EAED1]
	GetHandleVerifier [0x00007FF678A78B1D+3217341]
	GetHandleVerifier [0x00007FF678AC5AE3+3532675]
	GetHandleVerifier [0x00007FF678ABB0E0+3489152]
	GetHandleVerifier [0x00007FF67881E776+750614]
	(No symbol) [0x00007FF6786F375F]
	(No symbol) [0x00007FF6786EEB14]
	(No symbol) [0x00007FF6786EECA2]
	(No symbol) [0x00007FF6786DE16F]
	BaseThreadInitThunk [0x00007FFC7F327344+20]
	RtlUserThreadStart [0x00007FFC802FCC91+33]

2024-07-03 14:48:05,664 - 2021250360043 - ERROR - ¥ÌŒÛMessage: no such element: Unable to locate element: {"method":"tag name","selector":"input"}
  (Session info: chrome=126.0.6478.126); For documentation on this error, please visit: https://www.selenium.dev/documentation/webdriver/troubleshooting/errors#no-such-element-exception
Stacktrace:
	GetHandleVerifier [0x00007FF67876EEA2+31554]
	(No symbol) [0x00007FF6786E7ED9]
	(No symbol) [0x00007FF6785A872A]
	(No symbol) [0x00007FF6785F8434]
	(No symbol) [0x00007FF6785F853C]
	(No symbol) [0x00007FF6785EBBAC]
	(No symbol) [0x00007FF67861D06F]
	(No symbol) [0x00007FF6785EBA76]
	(No symbol) [0x00007FF67861D240]
	(No symbol) [0x00007FF67863C977]
	(No symbol) [0x00007FF67861CDD3]
	(No symbol) [0x00007FF6785EA33B]
	(No symbol) [0x00007FF6785EAED1]
	GetHandleVerifier [0x00007FF678A78B1D+3217341]
	GetHandleVerifier [0x00007FF678AC5AE3+3532675]
	GetHandleVerifier [0x00007FF678ABB0E0+3489152]
	GetHandleVerifier [0x00007FF67881E776+750614]
	(No symbol) [0x00007FF6786F375F]
	(No symbol) [0x00007FF6786EEB14]
	(No symbol) [0x00007FF6786EECA2]
	(No symbol) [0x00007FF6786DE16F]
	BaseThreadInitThunk [0x00007FFC7F327344+20]
	RtlUserThreadStart [0x00007FFC802FCC91+33]

2024-07-03 14:48:40,413 - 2021250360043 - ERROR - ¥ÌŒÛlist index out of range
2024-07-03 14:56:13,616 - 2021250360043 - ERROR - ¥ÌŒÛMessage: invalid argument: 'value' must be a string
  (Session info: chrome=126.0.6478.126)
Stacktrace:
	GetHandleVerifier [0x00007FF67876EEA2+31554]
	(No symbol) [0x00007FF6786E7ED9]
	(No symbol) [0x00007FF6785A872A]
	(No symbol) [0x00007FF6785F79D3]
	(No symbol) [0x00007FF6785F853C]
	(No symbol) [0x00007FF67863F6A7]
	(No symbol) [0x00007FF67861D06F]
	(No symbol) [0x00007FF67863C977]
	(No symbol) [0x00007FF67861CDD3]
	(No symbol) [0x00007FF6785EA33B]
	(No symbol) [0x00007FF6785EAED1]
	GetHandleVerifier [0x00007FF678A78B1D+3217341]
	GetHandleVerifier [0x00007FF678AC5AE3+3532675]
	GetHandleVerifier [0x00007FF678ABB0E0+3489152]
	GetHandleVerifier [0x00007FF67881E776+750614]
	(No symbol) [0x00007FF6786F375F]
	(No symbol) [0x00007FF6786EEB14]
	(No symbol) [0x00007FF6786EECA2]
	(No symbol) [0x00007FF6786DE16F]
	BaseThreadInitThunk [0x00007FFC7F327344+20]
	RtlUserThreadStart [0x00007FFC802FCC91+33]

2024-07-03 14:57:30,927 - 2021250360043 - ERROR - ¥ÌŒÛMessage: invalid argument: 'value' must be a string
  (Session info: chrome=126.0.6478.126)
Stacktrace:
	GetHandleVerifier [0x00007FF67876EEA2+31554]
	(No symbol) [0x00007FF6786E7ED9]
	(No symbol) [0x00007FF6785A872A]
	(No symbol) [0x00007FF6785F79D3]
	(No symbol) [0x00007FF6785F853C]
	(No symbol) [0x00007FF67863F6A7]
	(No symbol) [0x00007FF67861D06F]
	(No symbol) [0x00007FF67863C977]
	(No symbol) [0x00007FF67861CDD3]
	(No symbol) [0x00007FF6785EA33B]
	(No symbol) [0x00007FF6785EAED1]
	GetHandleVerifier [0x00007FF678A78B1D+3217341]
	GetHandleVerifier [0x00007FF678AC5AE3+3532675]
	GetHandleVerifier [0x00007FF678ABB0E0+3489152]
	GetHandleVerifier [0x00007FF67881E776+750614]
	(No symbol) [0x00007FF6786F375F]
	(No symbol) [0x00007FF6786EEB14]
	(No symbol) [0x00007FF6786EECA2]
	(No symbol) [0x00007FF6786DE16F]
	BaseThreadInitThunk [0x00007FFC7F327344+20]
	RtlUserThreadStart [0x00007FFC802FCC91+33]

